# JRE version: Java(TM) SE Runtime Environment (8.0_211-b12) (build 1.8.0_211-b12)
# Java VM: Java HotSpot(TM) 64-Bit Server VM (25.211-b12 mixed mode windows-amd64 compressed oops)
Heap:
 PSYoungGen      total 71680K, used 22742K [0x00000000d5d80000, 0x00000000dd700000, 0x0000000100000000)
  eden space 66560K, 26% used [0x00000000d5d80000,0x00000000d6eb8a30,0x00000000d9e80000)
  from space 5120K, 99% used [0x00000000d9e80000,0x00000000da37d030,0x00000000da380000)
  to   space 10752K, 26% used [0x00000000dcc80000,0x00000000dcf48020,0x00000000dd700000)
 ParOldGen       total 59904K, used 15105K [0x0000000081800000, 0x0000000085280000, 0x00000000d5d80000)
  object space 59904K, 25% used [0x0000000081800000,0x00000000826c0668,0x0000000085280000)
 Metaspace       used 28488K, capacity 29882K, committed 29952K, reserved 1079296K
  class space    used 3793K, capacity 4071K, committed 4096K, reserved 1048576K
GC Heap History (10 events):
Event: 4.051 GC heap before
{Heap before GC invocations=4 (full 0):
 PSYoungGen      total 38400K, used 38392K [0x00000000d5d80000, 0x00000000da880000, 0x0000000100000000)
  eden space 33280K, 100% used [0x00000000d5d80000,0x00000000d7e00000,0x00000000d7e00000)
  from space 5120K, 99% used [0x00000000d7e00000,0x00000000d82fe340,0x00000000d8300000)
  to   space 5120K, 0% used [0x00000000da380000,0x00000000da380000,0x00000000da880000)
 ParOldGen       total 87552K, used 2724K [0x0000000081800000, 0x0000000086d80000, 0x00000000d5d80000)
  object space 87552K, 3% used [0x0000000081800000,0x0000000081aa9328,0x0000000086d80000)
 Metaspace       used 16262K, capacity 17054K, committed 17280K, reserved 1064960K
  class space    used 2132K, capacity 2329K, committed 2432K, reserved 1048576K
Event: 4.061 GC heap after
Heap after GC invocations=4 (full 0):
 PSYoungGen      total 71680K, used 5108K [0x00000000d5d80000, 0x00000000da880000, 0x0000000100000000)
  eden space 66560K, 0% used [0x00000000d5d80000,0x00000000d5d80000,0x00000000d9e80000)
  from space 5120K, 99% used [0x00000000da380000,0x00000000da87d0c8,0x00000000da880000)
  to   space 5120K, 0% used [0x00000000d9e80000,0x00000000d9e80000,0x00000000da380000)
 ParOldGen       total 87552K, used 4211K [0x0000000081800000, 0x0000000086d80000, 0x00000000d5d80000)
  object space 87552K, 4% used [0x0000000081800000,0x0000000081c1ce40,0x0000000086d80000)
 Metaspace       used 16262K, capacity 17054K, committed 17280K, reserved 1064960K
  class space    used 2132K, capacity 2329K, committed 2432K, reserved 1048576K
}
Event: 4.471 GC heap before
{Heap before GC invocations=5 (full 0):
 PSYoungGen      total 71680K, used 52258K [0x00000000d5d80000, 0x00000000da880000, 0x0000000100000000)
  eden space 66560K, 70% used [0x00000000d5d80000,0x00000000d8b8b750,0x00000000d9e80000)
  from space 5120K, 99% used [0x00000000da380000,0x00000000da87d0c8,0x00000000da880000)
  to   space 5120K, 0% used [0x00000000d9e80000,0x00000000d9e80000,0x00000000da380000)
 ParOldGen       total 87552K, used 4211K [0x0000000081800000, 0x0000000086d80000, 0x00000000d5d80000)
  object space 87552K, 4% used [0x0000000081800000,0x0000000081c1ce40,0x0000000086d80000)
 Metaspace       used 20313K, capacity 21192K, committed 21296K, reserved 1067008K
  class space    used 2662K, capacity 2886K, committed 2944K, reserved 1048576K
Event: 4.491 GC heap after
Heap after GC invocations=5 (full 0):
 PSYoungGen      total 71680K, used 5088K [0x00000000d5d80000, 0x00000000da880000, 0x0000000100000000)
  eden space 66560K, 0% used [0x00000000d5d80000,0x00000000d5d80000,0x00000000d9e80000)
  from space 5120K, 99% used [0x00000000d9e80000,0x00000000da378118,0x00000000da380000)
  to   space 5120K, 0% used [0x00000000da380000,0x00000000da380000,0x00000000da880000)
 ParOldGen       total 87552K, used 8326K [0x0000000081800000, 0x0000000086d80000, 0x00000000d5d80000)
  object space 87552K, 9% used [0x0000000081800000,0x0000000082021a58,0x0000000086d80000)
 Metaspace       used 20313K, capacity 21192K, committed 21296K, reserved 1067008K
  class space    used 2662K, capacity 2886K, committed 2944K, reserved 1048576K
}
Event: 4.492 GC heap before
{Heap before GC invocations=6 (full 1):
 PSYoungGen      total 71680K, used 5088K [0x00000000d5d80000, 0x00000000da880000, 0x0000000100000000)
  eden space 66560K, 0% used [0x00000000d5d80000,0x00000000d5d80000,0x00000000d9e80000)
  from space 5120K, 99% used [0x00000000d9e80000,0x00000000da378118,0x00000000da380000)
  to   space 5120K, 0% used [0x00000000da380000,0x00000000da380000,0x00000000da880000)
 ParOldGen       total 87552K, used 8326K [0x0000000081800000, 0x0000000086d80000, 0x00000000d5d80000)
  object space 87552K, 9% used [0x0000000081800000,0x0000000082021a58,0x0000000086d80000)
 Metaspace       used 20313K, capacity 21192K, committed 21296K, reserved 1067008K
  class space    used 2662K, capacity 2886K, committed 2944K, reserved 1048576K
Event: 4.549 GC heap after
Heap after GC invocations=6 (full 1):
 PSYoungGen      total 71680K, used 0K [0x00000000d5d80000, 0x00000000da880000, 0x0000000100000000)
  eden space 66560K, 0% used [0x00000000d5d80000,0x00000000d5d80000,0x00000000d9e80000)
  from space 5120K, 0% used [0x00000000d9e80000,0x00000000d9e80000,0x00000000da380000)
  to   space 5120K, 0% used [0x00000000da380000,0x00000000da380000,0x00000000da880000)
 ParOldGen       total 59904K, used 9044K [0x0000000081800000, 0x0000000085280000, 0x00000000d5d80000)
  object space 59904K, 15% used [0x0000000081800000,0x00000000820d53e8,0x0000000085280000)
 Metaspace       used 20313K, capacity 21192K, committed 21296K, reserved 1067008K
  class space    used 2662K, capacity 2886K, committed 2944K, reserved 1048576K
}
Event: 5.858 GC heap before
{Heap before GC invocations=7 (full 1):
 PSYoungGen      total 71680K, used 66560K [0x00000000d5d80000, 0x00000000da880000, 0x0000000100000000)
  eden space 66560K, 100% used [0x00000000d5d80000,0x00000000d9e80000,0x00000000d9e80000)
  from space 5120K, 0% used [0x00000000d9e80000,0x00000000d9e80000,0x00000000da380000)
  to   space 5120K, 0% used [0x00000000da380000,0x00000000da380000,0x00000000da880000)
 ParOldGen       total 59904K, used 9044K [0x0000000081800000, 0x0000000085280000, 0x00000000d5d80000)
  object space 59904K, 15% used [0x0000000081800000,0x00000000820d53e8,0x0000000085280000)
 Metaspace       used 24067K, capacity 25186K, committed 25472K, reserved 1071104K
  class space    used 3146K, capacity 3385K, committed 3456K, reserved 1048576K
Event: 5.866 GC heap after
Heap after GC invocations=7 (full 1):
 PSYoungGen      total 71680K, used 5108K [0x00000000d5d80000, 0x00000000da880000, 0x0000000100000000)
  eden space 66560K, 0% used [0x00000000d5d80000,0x00000000d5d80000,0x00000000d9e80000)
  from space 5120K, 99% used [0x00000000da380000,0x00000000da87d3e8,0x00000000da880000)
  to   space 5120K, 0% used [0x00000000d9e80000,0x00000000d9e80000,0x00000000da380000)
 ParOldGen       total 59904K, used 11556K [0x0000000081800000, 0x0000000085280000, 0x00000000d5d80000)
  object space 59904K, 19% used [0x0000000081800000,0x00000000823491c0,0x0000000085280000)
 Metaspace       used 24067K, capacity 25186K, committed 25472K, reserved 1071104K
  class space    used 3146K, capacity 3385K, committed 3456K, reserved 1048576K
}
Event: 7.068 GC heap before
{Heap before GC invocations=8 (full 1):
 PSYoungGen      total 71680K, used 71668K [0x00000000d5d80000, 0x00000000da880000, 0x0000000100000000)
  eden space 66560K, 100% used [0x00000000d5d80000,0x00000000d9e80000,0x00000000d9e80000)
  from space 5120K, 99% used [0x00000000da380000,0x00000000da87d3e8,0x00000000da880000)
  to   space 5120K, 0% used [0x00000000d9e80000,0x00000000d9e80000,0x00000000da380000)
 ParOldGen       total 59904K, used 11556K [0x0000000081800000, 0x0000000085280000, 0x00000000d5d80000)
  object space 59904K, 19% used [0x0000000081800000,0x00000000823491c0,0x0000000085280000)
 Metaspace       used 27201K, capacity 28476K, committed 28800K, reserved 1075200K
  class space    used 3613K, capacity 3880K, committed 3968K, reserved 1048576K
Event: 7.077 GC heap after
Heap after GC invocations=8 (full 1):
 PSYoungGen      total 71680K, used 5108K [0x00000000d5d80000, 0x00000000dd700000, 0x0000000100000000)
  eden space 66560K, 0% used [0x00000000d5d80000,0x00000000d5d80000,0x00000000d9e80000)
  from space 5120K, 99% used [0x00000000d9e80000,0x00000000da37d030,0x00000000da380000)
  to   space 10752K, 0% used [0x00000000dcc80000,0x00000000dcc80000,0x00000000dd700000)
 ParOldGen       total 59904K, used 15105K [0x0000000081800000, 0x0000000085280000, 0x00000000d5d80000)
  object space 59904K, 25% used [0x0000000081800000,0x00000000826c0668,0x0000000085280000)
 Metaspace       used 27201K, capacity 28476K, committed 28800K, reserved 1075200K
  class space    used 3613K, capacity 3880K, committed 3968K, reserved 1048576K
}

