# JRE version: Java(TM) SE Runtime Environment (8.0_211-b12) (build 1.8.0_211-b12)
# Java VM: Java HotSpot(TM) 64-Bit Server VM (25.211-b12 mixed mode windows-amd64 compressed oops)
Heap:
 PSYoungGen      total 268288K, used 41629K [0x00000000d5d80000, 0x00000000ef580000, 0x0000000100000000)
  eden space 253952K, 16% used [0x00000000d5d80000,0x00000000d8627560,0x00000000e5580000)
  from space 14336K, 0% used [0x00000000e5580000,0x00000000e5580000,0x00000000e6380000)
  to   space 18432K, 0% used [0x00000000ee380000,0x00000000ee380000,0x00000000ef580000)
 ParOldGen       total 64000K, used 28705K [0x0000000081800000, 0x0000000085680000, 0x00000000d5d80000)
  object space 64000K, 44% used [0x0000000081800000,0x0000000083408788,0x0000000085680000)
 Metaspace       used 51153K, capacity 54564K, committed 54908K, reserved 1095680K
  class space    used 7094K, capacity 7696K, committed 7808K, reserved 1048576K
GC Heap History (10 events):
Event: 15.062 GC heap before
{Heap before GC invocations=8 (full 1):
 PSYoungGen      total 142848K, used 133120K [0x00000000d5d80000, 0x00000000df280000, 0x0000000100000000)
  eden space 133120K, 100% used [0x00000000d5d80000,0x00000000ddf80000,0x00000000ddf80000)
  from space 9728K, 0% used [0x00000000de900000,0x00000000de900000,0x00000000df280000)
  to   space 9728K, 0% used [0x00000000ddf80000,0x00000000ddf80000,0x00000000de900000)
 ParOldGen       total 46080K, used 6084K [0x0000000081800000, 0x0000000084500000, 0x00000000d5d80000)
  object space 46080K, 13% used [0x0000000081800000,0x0000000081df1260,0x0000000084500000)
 Metaspace       used 27262K, capacity 28560K, committed 28796K, reserved 1075200K
  class space    used 3626K, capacity 3882K, committed 3968K, reserved 1048576K
Event: 15.134 GC heap after
Heap after GC invocations=8 (full 1):
 PSYoungGen      total 142848K, used 9700K [0x00000000d5d80000, 0x00000000e7000000, 0x0000000100000000)
  eden space 133120K, 0% used [0x00000000d5d80000,0x00000000d5d80000,0x00000000ddf80000)
  from space 9728K, 99% used [0x00000000ddf80000,0x00000000de8f90d8,0x00000000de900000)
  to   space 12288K, 0% used [0x00000000e6400000,0x00000000e6400000,0x00000000e7000000)
 ParOldGen       total 46080K, used 9417K [0x0000000081800000, 0x0000000084500000, 0x00000000d5d80000)
  object space 46080K, 20% used [0x0000000081800000,0x00000000821325f8,0x0000000084500000)
 Metaspace       used 27262K, capacity 28560K, committed 28796K, reserved 1075200K
  class space    used 3626K, capacity 3882K, committed 3968K, reserved 1048576K
}
Event: 22.339 GC heap before
{Heap before GC invocations=9 (full 1):
 PSYoungGen      total 142848K, used 94336K [0x00000000d5d80000, 0x00000000e7000000, 0x0000000100000000)
  eden space 133120K, 63% used [0x00000000d5d80000,0x00000000db027320,0x00000000ddf80000)
  from space 9728K, 99% used [0x00000000ddf80000,0x00000000de8f90d8,0x00000000de900000)
  to   space 12288K, 0% used [0x00000000e6400000,0x00000000e6400000,0x00000000e7000000)
 ParOldGen       total 46080K, used 9417K [0x0000000081800000, 0x0000000084500000, 0x00000000d5d80000)
  object space 46080K, 20% used [0x0000000081800000,0x00000000821325f8,0x0000000084500000)
 Metaspace       used 34286K, capacity 36036K, committed 36048K, reserved 1081344K
  class space    used 4643K, capacity 4991K, committed 4992K, reserved 1048576K
Event: 22.404 GC heap after
Heap after GC invocations=9 (full 1):
 PSYoungGen      total 266240K, used 12278K [0x00000000d5d80000, 0x00000000e7180000, 0x0000000100000000)
  eden space 253952K, 0% used [0x00000000d5d80000,0x00000000d5d80000,0x00000000e5580000)
  from space 12288K, 99% used [0x00000000e6400000,0x00000000e6ffd8e8,0x00000000e7000000)
  to   space 14336K, 0% used [0x00000000e5580000,0x00000000e5580000,0x00000000e6380000)
 ParOldGen       total 46080K, used 10432K [0x0000000081800000, 0x0000000084500000, 0x00000000d5d80000)
  object space 46080K, 22% used [0x0000000081800000,0x0000000082230298,0x0000000084500000)
 Metaspace       used 34286K, capacity 36036K, committed 36048K, reserved 1081344K
  class space    used 4643K, capacity 4991K, committed 4992K, reserved 1048576K
}
Event: 22.404 GC heap before
{Heap before GC invocations=10 (full 2):
 PSYoungGen      total 266240K, used 12278K [0x00000000d5d80000, 0x00000000e7180000, 0x0000000100000000)
  eden space 253952K, 0% used [0x00000000d5d80000,0x00000000d5d80000,0x00000000e5580000)
  from space 12288K, 99% used [0x00000000e6400000,0x00000000e6ffd8e8,0x00000000e7000000)
  to   space 14336K, 0% used [0x00000000e5580000,0x00000000e5580000,0x00000000e6380000)
 ParOldGen       total 46080K, used 10432K [0x0000000081800000, 0x0000000084500000, 0x00000000d5d80000)
  object space 46080K, 22% used [0x0000000081800000,0x0000000082230298,0x0000000084500000)
 Metaspace       used 34286K, capacity 36036K, committed 36048K, reserved 1081344K
  class space    used 4643K, capacity 4991K, committed 4992K, reserved 1048576K
Event: 22.554 GC heap after
Heap after GC invocations=10 (full 2):
 PSYoungGen      total 266240K, used 0K [0x00000000d5d80000, 0x00000000e7180000, 0x0000000100000000)
  eden space 253952K, 0% used [0x00000000d5d80000,0x00000000d5d80000,0x00000000e5580000)
  from space 12288K, 0% used [0x00000000e6400000,0x00000000e6400000,0x00000000e7000000)
  to   space 14336K, 0% used [0x00000000e5580000,0x00000000e5580000,0x00000000e6380000)
 ParOldGen       total 64000K, used 17385K [0x0000000081800000, 0x0000000085680000, 0x00000000d5d80000)
  object space 64000K, 27% used [0x0000000081800000,0x00000000828fa5b0,0x0000000085680000)
 Metaspace       used 34286K, capacity 36036K, committed 36048K, reserved 1081344K
  class space    used 4643K, capacity 4991K, committed 4992K, reserved 1048576K
}
Event: 699.664 GC heap before
{Heap before GC invocations=11 (full 2):
 PSYoungGen      total 266240K, used 204060K [0x00000000d5d80000, 0x00000000e7180000, 0x0000000100000000)
  eden space 253952K, 80% used [0x00000000d5d80000,0x00000000e24c7308,0x00000000e5580000)
  from space 12288K, 0% used [0x00000000e6400000,0x00000000e6400000,0x00000000e7000000)
  to   space 14336K, 0% used [0x00000000e5580000,0x00000000e5580000,0x00000000e6380000)
 ParOldGen       total 64000K, used 17385K [0x0000000081800000, 0x0000000085680000, 0x00000000d5d80000)
  object space 64000K, 27% used [0x0000000081800000,0x00000000828fa5b0,0x0000000085680000)
 Metaspace       used 51118K, capacity 54468K, committed 54652K, reserved 1095680K
  class space    used 7090K, capacity 7691K, committed 7808K, reserved 1048576K
Event: 699.688 GC heap after
Heap after GC invocations=11 (full 2):
 PSYoungGen      total 268288K, used 14324K [0x00000000d5d80000, 0x00000000ef580000, 0x0000000100000000)
  eden space 253952K, 0% used [0x00000000d5d80000,0x00000000d5d80000,0x00000000e5580000)
  from space 14336K, 99% used [0x00000000e5580000,0x00000000e637d0d0,0x00000000e6380000)
  to   space 18432K, 0% used [0x00000000ee380000,0x00000000ee380000,0x00000000ef580000)
 ParOldGen       total 64000K, used 21944K [0x0000000081800000, 0x0000000085680000, 0x00000000d5d80000)
  object space 64000K, 34% used [0x0000000081800000,0x0000000082d6e020,0x0000000085680000)
 Metaspace       used 51118K, capacity 54468K, committed 54652K, reserved 1095680K
  class space    used 7090K, capacity 7691K, committed 7808K, reserved 1048576K
}
Event: 699.688 GC heap before
{Heap before GC invocations=12 (full 3):
 PSYoungGen      total 268288K, used 14324K [0x00000000d5d80000, 0x00000000ef580000, 0x0000000100000000)
  eden space 253952K, 0% used [0x00000000d5d80000,0x00000000d5d80000,0x00000000e5580000)
  from space 14336K, 99% used [0x00000000e5580000,0x00000000e637d0d0,0x00000000e6380000)
  to   space 18432K, 0% used [0x00000000ee380000,0x00000000ee380000,0x00000000ef580000)
 ParOldGen       total 64000K, used 21944K [0x0000000081800000, 0x0000000085680000, 0x00000000d5d80000)
  object space 64000K, 34% used [0x0000000081800000,0x0000000082d6e020,0x0000000085680000)
 Metaspace       used 51118K, capacity 54468K, committed 54652K, reserved 1095680K
  class space    used 7090K, capacity 7691K, committed 7808K, reserved 1048576K
Event: 699.851 GC heap after
Heap after GC invocations=12 (full 3):
 PSYoungGen      total 268288K, used 0K [0x00000000d5d80000, 0x00000000ef580000, 0x0000000100000000)
  eden space 253952K, 0% used [0x00000000d5d80000,0x00000000d5d80000,0x00000000e5580000)
  from space 14336K, 0% used [0x00000000e5580000,0x00000000e5580000,0x00000000e6380000)
  to   space 18432K, 0% used [0x00000000ee380000,0x00000000ee380000,0x00000000ef580000)
 ParOldGen       total 64000K, used 28705K [0x0000000081800000, 0x0000000085680000, 0x00000000d5d80000)
  object space 64000K, 44% used [0x0000000081800000,0x0000000083408788,0x0000000085680000)
 Metaspace       used 51118K, capacity 54468K, committed 54652K, reserved 1095680K
  class space    used 7090K, capacity 7691K, committed 7808K, reserved 1048576K
}

